[debug] [2022-02-23T07:15:39.516Z] ----------------------------------------------------------------------
[debug] [2022-02-23T07:15:39.520Z] Command:       C:\Program Files\nodejs\node.exe C:\Users\Admin\AppData\Roaming\npm\node_modules\firebase-tools\lib\bin\firebase.js init
[debug] [2022-02-23T07:15:39.521Z] CLI Version:   10.2.1
[debug] [2022-02-23T07:15:39.521Z] Platform:      win32
[debug] [2022-02-23T07:15:39.521Z] Node Version:  v14.17.0
[debug] [2022-02-23T07:15:39.522Z] Time:          Wed Feb 23 2022 12:45:39 GMT+0530 (India Standard Time)
[debug] [2022-02-23T07:15:39.523Z] ----------------------------------------------------------------------
[debug] 
[debug] [2022-02-23T07:15:39.645Z] > command requires scopes: ["email","openid","https://www.googleapis.com/auth/cloudplatformprojects.readonly","https://www.googleapis.com/auth/firebase","https://www.googleapis.com/auth/cloud-platform"]
[debug] [2022-02-23T07:15:39.645Z] > authorizing via signed-in user (karanbandekar0813@gmail.com)
[info] 
     ######## #### ########  ######## ########     ###     ######  ########
     ##        ##  ##     ## ##       ##     ##  ##   ##  ##       ##
     ######    ##  ########  ######   ########  #########  ######  ######
     ##        ##  ##    ##  ##       ##     ## ##     ##       ## ##
     ##       #### ##     ## ######## ########  ##     ##  ######  ########

You're about to initialize a Firebase project in this directory:

  C:\Users\Admin\Desktop

Before we get started, keep in mind:

  * You are initializing within an existing Firebase project directory

